e:\million\road-of-progect\xxxxsort\xxxxsort\x64\debug\vc143.pdb
e:\million\road-of-progect\xxxxsort\xxxxsort\x64\debug\vc143.idb
e:\million\road-of-progect\xxxxsort\xxxxsort\x64\debug\test.obj
e:\million\road-of-progect\xxxxsort\xxxxsort\x64\debug\sort.obj
e:\million\road-of-progect\xxxxsort\x64\debug\xxxxsort.pdb
e:\million\road-of-progect\xxxxsort\xxxxsort\x64\debug\xxxxsort.tlog\cl.command.1.tlog
e:\million\road-of-progect\xxxxsort\xxxxsort\x64\debug\xxxxsort.tlog\cl.read.1.tlog
e:\million\road-of-progect\xxxxsort\xxxxsort\x64\debug\xxxxsort.tlog\cl.write.1.tlog
e:\million\road-of-progect\xxxxsort\xxxxsort\x64\debug\xxxxsort.tlog\link-cvtres.read.1.tlog
e:\million\road-of-progect\xxxxsort\xxxxsort\x64\debug\xxxxsort.tlog\link-cvtres.write.1.tlog
e:\million\road-of-progect\xxxxsort\xxxxsort\x64\debug\xxxxsort.tlog\link-rc.read.1.tlog
e:\million\road-of-progect\xxxxsort\xxxxsort\x64\debug\xxxxsort.tlog\link-rc.write.1.tlog
e:\million\road-of-progect\xxxxsort\xxxxsort\x64\debug\xxxxsort.tlog\link.21972-cvtres.read.1.tlog
e:\million\road-of-progect\xxxxsort\xxxxsort\x64\debug\xxxxsort.tlog\link.21972-cvtres.write.1.tlog
e:\million\road-of-progect\xxxxsort\xxxxsort\x64\debug\xxxxsort.tlog\link.21972-rc.read.1.tlog
e:\million\road-of-progect\xxxxsort\xxxxsort\x64\debug\xxxxsort.tlog\link.21972-rc.write.1.tlog
e:\million\road-of-progect\xxxxsort\xxxxsort\x64\debug\xxxxsort.tlog\link.21972.read.1.tlog
e:\million\road-of-progect\xxxxsort\xxxxsort\x64\debug\xxxxsort.tlog\link.21972.read.2.tlog
e:\million\road-of-progect\xxxxsort\xxxxsort\x64\debug\xxxxsort.tlog\link.21972.write.1.tlog
e:\million\road-of-progect\xxxxsort\xxxxsort\x64\debug\xxxxsort.tlog\link.command.1.tlog
e:\million\road-of-progect\xxxxsort\xxxxsort\x64\debug\xxxxsort.tlog\link.read.1.tlog
e:\million\road-of-progect\xxxxsort\xxxxsort\x64\debug\xxxxsort.tlog\link.read.2.tlog
e:\million\road-of-progect\xxxxsort\xxxxsort\x64\debug\xxxxsort.tlog\link.write.1.tlog
