e:\million\road-of-progect\binarytreenode\binarytreenode\x64\debug\vc143.pdb
e:\million\road-of-progect\binarytreenode\binarytreenode\x64\debug\vc143.idb
e:\million\road-of-progect\binarytreenode\binarytreenode\x64\debug\test.obj
e:\million\road-of-progect\binarytreenode\binarytreenode\x64\debug\binary.obj
e:\million\road-of-progect\binarytreenode\binarytreenode\x64\debug\queue.obj
e:\million\road-of-progect\binarytreenode\binarytreenode\x64\debug\binarytreenode.ilk
e:\million\road-of-progect\binarytreenode\x64\debug\binarytreenode.exe
e:\million\road-of-progect\binarytreenode\x64\debug\binarytreenode.pdb
e:\million\road-of-progect\binarytreenode\binarytreenode\x64\debug\binarytreenode.tlog\cl.command.1.tlog
e:\million\road-of-progect\binarytreenode\binarytreenode\x64\debug\binarytreenode.tlog\cl.read.1.tlog
e:\million\road-of-progect\binarytreenode\binarytreenode\x64\debug\binarytreenode.tlog\cl.write.1.tlog
e:\million\road-of-progect\binarytreenode\binarytreenode\x64\debug\binarytreenode.tlog\link-cvtres.read.1.tlog
e:\million\road-of-progect\binarytreenode\binarytreenode\x64\debug\binarytreenode.tlog\link-cvtres.write.1.tlog
e:\million\road-of-progect\binarytreenode\binarytreenode\x64\debug\binarytreenode.tlog\link-rc.read.1.tlog
e:\million\road-of-progect\binarytreenode\binarytreenode\x64\debug\binarytreenode.tlog\link-rc.write.1.tlog
e:\million\road-of-progect\binarytreenode\binarytreenode\x64\debug\binarytreenode.tlog\link.29832-cvtres.read.1.tlog
e:\million\road-of-progect\binarytreenode\binarytreenode\x64\debug\binarytreenode.tlog\link.29832-cvtres.write.1.tlog
e:\million\road-of-progect\binarytreenode\binarytreenode\x64\debug\binarytreenode.tlog\link.29832-rc.read.1.tlog
e:\million\road-of-progect\binarytreenode\binarytreenode\x64\debug\binarytreenode.tlog\link.29832-rc.write.1.tlog
e:\million\road-of-progect\binarytreenode\binarytreenode\x64\debug\binarytreenode.tlog\link.29832.read.1.tlog
e:\million\road-of-progect\binarytreenode\binarytreenode\x64\debug\binarytreenode.tlog\link.29832.read.2.tlog
e:\million\road-of-progect\binarytreenode\binarytreenode\x64\debug\binarytreenode.tlog\link.29832.write.1.tlog
e:\million\road-of-progect\binarytreenode\binarytreenode\x64\debug\binarytreenode.tlog\link.command.1.tlog
e:\million\road-of-progect\binarytreenode\binarytreenode\x64\debug\binarytreenode.tlog\link.read.1.tlog
e:\million\road-of-progect\binarytreenode\binarytreenode\x64\debug\binarytreenode.tlog\link.read.2.tlog
e:\million\road-of-progect\binarytreenode\binarytreenode\x64\debug\binarytreenode.tlog\link.write.1.tlog
